Build started 6/11/2024 10:38:49 PM.
     1>Project "C:\Users\mohammad javad\Desktop\uni\arshad tehran university\term 2\VHDL\HW\HW3\code\PF_sysC_RTL\PF_sysC_RTL\PF_sysC_RTL.vcxproj" on node 2 (Build target(s)).
     1>ClCompile:
         C:\Program Files (x86)\Microsoft Visual Studio 12.0\VC\bin\CL.exe /c /I"C:\systemc-2.3.1\src" /ZI /nologo /W3 /WX- /sdl /Od /Oy- /D WIN32 /D _DEBUG /D _CONSOLE /D _LIB /D _CRT_SECURE_NO_DEPRECATE /D _CRT_SECURE_NO_WARNINGS /D _UNICODE /D UNICODE /Gm /EHsc /RTC1 /MTd /GS /fp:precise /Zc:wchar_t /Zc:forScope /GR /Fo"Debug\\" /Fd"Debug\vc120.pdb" /Gd /TP /analyze- /errorReport:prompt /vmg TB.cpp patternFinderMain.cpp pattern_finder.cpp
         TB.cpp
         Generating Code...
         Compiling...
         patternFinderMain.cpp
         Generating Code...
         Skipping... (no relevant changes detected)
         pattern_finder.cpp
       Link:
         C:\Program Files (x86)\Microsoft Visual Studio 12.0\VC\bin\link.exe /ERRORREPORT:PROMPT /OUT:"C:\Users\mohammad javad\Desktop\uni\arshad tehran university\term 2\VHDL\HW\HW3\code\PF_sysC_RTL\Debug\PF_sysC_RTL.exe" /INCREMENTAL /NOLOGO /LIBPATH:"C:\systemc-2.3.1\msvc80\SystemC\Debug" systemc.lib kernel32.lib user32.lib gdi32.lib winspool.lib comdlg32.lib advapi32.lib shell32.lib ole32.lib oleaut32.lib uuid.lib odbc32.lib odbccp32.lib /MANIFEST /MANIFESTUAC:"level='asInvoker' uiAccess='false'" /manifest:embed /DEBUG /PDB:"C:\Users\mohammad javad\Desktop\uni\arshad tehran university\term 2\VHDL\HW\HW3\code\PF_sysC_RTL\Debug\PF_sysC_RTL.pdb" /SUBSYSTEM:CONSOLE /TLBID:1 /DYNAMICBASE /NXCOMPAT /IMPLIB:"C:\Users\mohammad javad\Desktop\uni\arshad tehran university\term 2\VHDL\HW\HW3\code\PF_sysC_RTL\Debug\PF_sysC_RTL.lib" /MACHINE:X86 Debug\convolution.obj
         Debug\Elements.obj
         Debug\patternFinderMain.obj
         Debug\pattern_finder.obj
         Debug\RAM.obj
         Debug\TB.obj
         PF_sysC_RTL.vcxproj -> C:\Users\mohammad javad\Desktop\uni\arshad tehran university\term 2\VHDL\HW\HW3\code\PF_sysC_RTL\Debug\PF_sysC_RTL.exe
     1>Done Building Project "C:\Users\mohammad javad\Desktop\uni\arshad tehran university\term 2\VHDL\HW\HW3\code\PF_sysC_RTL\PF_sysC_RTL\PF_sysC_RTL.vcxproj" (Build target(s)).

Build succeeded.

Time Elapsed 00:00:05.59
